2022-11-04 20:02:18,321 - DH.log - INFO - DH - created with p = 30000000091 and g = 40000000003--------------------------------------------------
2022-11-04 20:06:45,165 - DH.log - INFO - DH - created with p = 30000000091 and g = 40000000003--------------------------------------------------
2022-11-04 20:15:47,295 - DH.log - INFO - DH - created with p = 30000000091 and g = 40000000003--------------------------------------------------
2022-11-04 20:16:13,656 - DH.log - INFO - DH - created with p = 30000000091 and g = 40000000003--------------------------------------------------
2022-11-04 20:19:15,515 - DH.log - INFO - DH - created with p = 30000000091 and g = 40000000003--------------------------------------------------
2022-11-04 20:21:07,625 - DH.log - INFO - DH - created with p = 30000000091 and g = 40000000003--------------------------------------------------
2022-11-04 20:21:16,911 - DH.log - INFO - DH - created with p = 30000000091 and g = 40000000003--------------------------------------------------
2022-11-04 22:48:36,658 - DH.log - INFO - DH - created with p = 30000000091 and g = 40000000003--------------------------------------------------
2022-11-04 22:48:36,659 - DH.log - INFO - Generating private key - 617686, for Yohannes
2022-11-04 22:48:36,659 - DH.log - INFO - Generating public key - 1367756060, for Yohannes, with private key -1
2022-11-04 22:59:27,239 - DH.log - INFO - DH - created with p = 30000000091 and g = 40000000003--------------------------------------------------
2022-11-04 22:59:27,239 - DH.log - INFO - Generating private key - 135825, for yoha
2022-11-04 22:59:27,239 - DH.log - INFO - Generating public key - 15498025689, for yoha, with private key -1
2022-11-04 22:59:55,701 - DH.log - INFO - DH - created with p = 30000000091 and g = 40000000003--------------------------------------------------
2022-11-04 22:59:55,702 - DH.log - INFO - Generating private key - 353952, for jens
2022-11-04 22:59:55,702 - DH.log - INFO - Generating public key - 14899033741, for jens, with private key -1
2022-11-04 23:07:33,255 - DH.log - INFO - DH - created with p = 30000000091 and g = 40000000003--------------------------------------------------
2022-11-04 23:07:33,255 - DH.log - INFO - Generating private key - 279306, for Yohannes
2022-11-04 23:07:33,255 - DH.log - INFO - Generating public key - 16123771197, for Yohannes, with private key -1
2022-11-04 23:07:41,137 - DH.log - INFO - DH - created with p = 30000000091 and g = 40000000003--------------------------------------------------
2022-11-04 23:07:41,137 - DH.log - INFO - Generating private key - 611092, for Jens
2022-11-04 23:07:41,137 - DH.log - INFO - Generating public key - 14277785183, for Jens, with private key -1
2022-11-04 23:10:24,085 - DH.log - INFO - DH - created with p = 30000000091 and g = 40000000003--------------------------------------------------
2022-11-04 23:10:24,085 - DH.log - INFO - Generating private key - 740506, for Yohannes
2022-11-04 23:10:24,085 - DH.log - INFO - Generating public key - 19632364795, for Yohannes, with private key -1
2022-11-04 23:10:39,713 - DH.log - INFO - DH - created with p = 30000000091 and g = 40000000003--------------------------------------------------
2022-11-04 23:10:39,713 - DH.log - INFO - Generating private key - 79068, for Yohannes2
2022-11-04 23:10:39,713 - DH.log - INFO - Generating public key - 24846102042, for Yohannes2, with private key -1
2022-11-04 23:23:29,741 - DH.log - INFO - DH - created with p = 30000000091 and g = 40000000003--------------------------------------------------
2022-11-04 23:23:29,741 - DH.log - INFO - Generating private key - 877209, for y
2022-11-04 23:23:29,741 - DH.log - INFO - Generating public key - 14162612757, for y, with private key -1
2022-11-04 23:23:32,873 - DH.log - INFO - DH - created with p = 30000000091 and g = 40000000003--------------------------------------------------
2022-11-04 23:23:32,873 - DH.log - INFO - Generating private key - 304206, for a
2022-11-04 23:23:32,873 - DH.log - INFO - Generating public key - 29543347273, for a, with private key -1
2022-11-05 00:04:57,983 - DH.log - INFO - DH - created with p = 30000000091 and g = 40000000003--------------------------------------------------
2022-11-05 00:04:57,984 - DH.log - INFO - Generating private key - 703783, for Yohannes
2022-11-05 00:04:57,984 - DH.log - INFO - Generating public key - 27813583332, for Yohannes, with private key -1
2022-11-05 00:05:17,090 - DH.log - INFO - DH - created with p = 30000000091 and g = 40000000003--------------------------------------------------
2022-11-05 00:05:17,090 - DH.log - INFO - Generating private key - 259780, for Jens
2022-11-05 00:05:17,090 - DH.log - INFO - Generating public key - 1925770809, for Jens, with private key -1
2022-11-05 00:06:33,126 - DH.log - INFO - DH - created with p = 30000000091 and g = 40000000003--------------------------------------------------
2022-11-05 00:06:33,126 - DH.log - INFO - Generating private key - 432793, for Yohannes
2022-11-05 00:06:33,127 - DH.log - INFO - Generating public key - 8371269016, for Yohannes, with private key -1
2022-11-05 00:06:42,261 - DH.log - INFO - DH - created with p = 30000000091 and g = 40000000003--------------------------------------------------
2022-11-05 00:06:42,261 - DH.log - INFO - Generating private key - 902932, for Jens
2022-11-05 00:06:42,261 - DH.log - INFO - Generating public key - 4848797774, for Jens, with private key -1
2022-11-05 00:08:07,396 - DH.log - INFO - DH - created with p = 30000000091 and g = 40000000003--------------------------------------------------
2022-11-05 00:08:07,397 - DH.log - INFO - Generating private key - 307531, for Yohannes
2022-11-05 00:08:07,397 - DH.log - INFO - Generating public key - 18004302518, for Yohannes, with private key -1
2022-11-05 00:08:17,253 - DH.log - INFO - DH - created with p = 30000000091 and g = 40000000003--------------------------------------------------
2022-11-05 00:08:17,253 - DH.log - INFO - Generating private key - 524536, for Jens
2022-11-05 00:08:17,253 - DH.log - INFO - Generating public key - 29536181911, for Jens, with private key -1
2022-11-05 00:11:56,539 - DH.log - INFO - DH - created with p = 30000000091 and g = 40000000003--------------------------------------------------
2022-11-05 00:11:56,540 - DH.log - INFO - Generating private key - 749372, for Yohannes
2022-11-05 00:11:56,540 - DH.log - INFO - Generating public key - 17015965891, for Yohannes, with private key -1
2022-11-05 00:12:03,139 - DH.log - INFO - DH - created with p = 30000000091 and g = 40000000003--------------------------------------------------
2022-11-05 00:12:03,139 - DH.log - INFO - Generating private key - 527469, for Jens
2022-11-05 00:12:03,139 - DH.log - INFO - Generating public key - 15282103666, for Jens, with private key -1
2022-11-05 00:15:07,798 - DH.log - INFO - DH - created with p = 30000000091 and g = 40000000003--------------------------------------------------
2022-11-05 00:15:07,799 - DH.log - INFO - Generating private key - 436800, for Yohannes
2022-11-05 00:15:07,799 - DH.log - INFO - Generating public key - 22168834756, for Yohannes, with private key -1
2022-11-05 00:15:18,710 - DH.log - INFO - DH - created with p = 30000000091 and g = 40000000003--------------------------------------------------
2022-11-05 00:15:18,710 - DH.log - INFO - Generating private key - 986573, for Jens
2022-11-05 00:15:18,710 - DH.log - INFO - Generating public key - 24459955639, for Jens, with private key -1
2022-11-05 00:18:59,861 - DH.log - INFO - DH - created with p = 30000000091 and g = 40000000003--------------------------------------------------
2022-11-05 00:18:59,861 - DH.log - INFO - Generating private key - 645539, for Yohannes
2022-11-05 00:18:59,862 - DH.log - INFO - Generating public key - 1614227919, for Yohannes, with private key -1
2022-11-05 00:19:08,133 - DH.log - INFO - DH - created with p = 30000000091 and g = 40000000003--------------------------------------------------
2022-11-05 00:19:08,133 - DH.log - INFO - Generating private key - 718299, for Jens
2022-11-05 00:19:08,133 - DH.log - INFO - Generating public key - 27492027987, for Jens, with private key -1
2022-11-05 00:47:06,019 - DH.log - INFO - DH - created with p = 30000000091 and g = 40000000003--------------------------------------------------
2022-11-05 00:47:06,019 - DH.log - INFO - Generating private key - 890421, for Yohannes
2022-11-05 00:47:06,020 - DH.log - INFO - Generating public key - 8280993047, for Yohannes, with private key -1
2022-11-05 00:47:09,751 - DH.log - INFO - DH - created with p = 30000000091 and g = 40000000003--------------------------------------------------
2022-11-05 00:47:09,751 - DH.log - INFO - Generating private key - 283264, for Jens
2022-11-05 00:47:09,751 - DH.log - INFO - Generating public key - 25083473857, for Jens, with private key -1
2022-11-05 00:51:44,226 - DH.log - INFO - DH - created with p = 30000000091 and g = 40000000003--------------------------------------------------
2022-11-05 00:51:44,226 - DH.log - INFO - Generating private key - 645716, for Jens
2022-11-05 00:51:44,226 - DH.log - INFO - Generating public key - 8292355107, for Jens, with private key -1
2022-11-05 00:51:59,759 - DH.log - INFO - DH - created with p = 30000000091 and g = 40000000003--------------------------------------------------
2022-11-05 00:51:59,759 - DH.log - INFO - Generating private key - 984966, for Yohannes
2022-11-05 00:51:59,759 - DH.log - INFO - Generating public key - 12919917812, for Yohannes, with private key -1
2022-11-05 01:07:33,653 - DH.log - INFO - DH - created with p = 30000000091 and g = 40000000003--------------------------------------------------
2022-11-05 01:07:33,653 - DH.log - INFO - Generating private key - 476514, for Ola
2022-11-05 01:07:33,654 - DH.log - INFO - Generating public key - 26487386992, for Ola, with private key -1
2022-11-05 01:07:37,187 - DH.log - INFO - DH - created with p = 30000000091 and g = 40000000003--------------------------------------------------
2022-11-05 01:07:37,187 - DH.log - INFO - Generating private key - 179618, for Jens
2022-11-05 01:07:37,187 - DH.log - INFO - Generating public key - 571792379, for Jens, with private key -1
2022-11-05 01:11:30,221 - DH.log - INFO - DH - created with p = 30000000091 and g = 40000000003--------------------------------------------------
2022-11-05 01:11:30,222 - DH.log - INFO - Generating private key - 106548, for Ola
2022-11-05 01:11:30,222 - DH.log - INFO - Generating public key - 6129146760, for Ola, with private key -1
2022-11-05 01:11:33,374 - DH.log - INFO - DH - created with p = 30000000091 and g = 40000000003--------------------------------------------------
2022-11-05 01:11:33,374 - DH.log - INFO - Generating private key - 374955, for Jens
2022-11-05 01:11:33,374 - DH.log - INFO - Generating public key - 29439916708, for Jens, with private key -1
2022-11-05 01:19:38,772 - DH.log - INFO - DH - created with p = 30000000091 and g = 40000000003--------------------------------------------------
2022-11-05 01:19:38,772 - DH.log - INFO - Generating private key - 827386, for Yoha
2022-11-05 01:19:38,772 - DH.log - INFO - Generating public key - 2426105362, for Yoha, with private key -1
2022-11-05 01:19:43,526 - DH.log - INFO - DH - created with p = 30000000091 and g = 40000000003--------------------------------------------------
2022-11-05 01:19:43,527 - DH.log - INFO - Generating private key - 199048, for Jens
2022-11-05 01:19:43,527 - DH.log - INFO - Generating public key - 17553635489, for Jens, with private key -1
2022-11-05 01:21:40,495 - DH.log - INFO - DH - created with p = 30000000091 and g = 40000000003--------------------------------------------------
2022-11-05 01:21:40,495 - DH.log - INFO - Generating private key - 446364, for hei
2022-11-05 01:21:40,495 - DH.log - INFO - Generating public key - 12162705837, for hei, with private key -1
2022-11-05 01:21:45,479 - DH.log - INFO - DH - created with p = 30000000091 and g = 40000000003--------------------------------------------------
2022-11-05 01:21:45,479 - DH.log - INFO - Generating private key - 113556, for hei2
2022-11-05 01:21:45,479 - DH.log - INFO - Generating public key - 4818539154, for hei2, with private key -1
2022-11-05 01:27:02,488 - DH.log - INFO - DH - created with p = 30000000091 and g = 40000000003--------------------------------------------------
2022-11-05 01:27:02,488 - DH.log - INFO - Generating private key - 172247, for yoha
2022-11-05 01:27:02,488 - DH.log - INFO - Generating public key - 19781170916, for yoha, with private key -1
2022-11-05 01:27:04,723 - DH.log - INFO - DH - created with p = 30000000091 and g = 40000000003--------------------------------------------------
2022-11-05 01:27:04,723 - DH.log - INFO - Generating private key - 223942, for eyo
2022-11-05 01:27:04,723 - DH.log - INFO - Generating public key - 9793046774, for eyo, with private key -1
2022-11-05 01:32:21,763 - DH.log - INFO - DH - created with p = 30000000091 and g = 40000000003--------------------------------------------------
2022-11-05 01:32:21,763 - DH.log - INFO - Generating private key - 272624, for Jens
2022-11-05 01:32:21,763 - DH.log - INFO - Generating public key - 5770234051, for Jens, with private key -1
2022-11-05 01:32:27,238 - DH.log - INFO - DH - created with p = 30000000091 and g = 40000000003--------------------------------------------------
2022-11-05 01:32:27,238 - DH.log - INFO - Generating private key - 795280, for Yoha
2022-11-05 01:32:27,238 - DH.log - INFO - Generating public key - 1795666046, for Yoha, with private key -1
2022-11-05 01:34:04,266 - DH.log - INFO - DH - created with p = 30000000091 and g = 40000000003--------------------------------------------------
2022-11-05 01:34:04,266 - DH.log - INFO - Generating private key - 929710, for Yohannes
2022-11-05 01:34:04,266 - DH.log - INFO - Generating public key - 8803501988, for Yohannes, with private key -1
2022-11-05 01:34:06,831 - DH.log - INFO - DH - created with p = 30000000091 and g = 40000000003--------------------------------------------------
2022-11-05 01:34:06,831 - DH.log - INFO - Generating private key - 879075, for Jens
2022-11-05 01:34:06,831 - DH.log - INFO - Generating public key - 20186266690, for Jens, with private key -1
2022-11-05 01:36:47,009 - DH.log - INFO - DH - created with p = 30000000091 and g = 40000000003--------------------------------------------------
2022-11-05 01:36:47,009 - DH.log - INFO - Generating private key - 614261, for Yohannes
2022-11-05 01:36:47,010 - DH.log - INFO - Generating public key - 22718363055, for Yohannes, with private key -1
2022-11-05 01:36:51,582 - DH.log - INFO - DH - created with p = 30000000091 and g = 40000000003--------------------------------------------------
2022-11-05 01:36:51,583 - DH.log - INFO - Generating private key - 806895, for Baba
2022-11-05 01:36:51,583 - DH.log - INFO - Generating public key - 1273765714, for Baba, with private key -1
2022-11-05 01:48:54,833 - DH.log - INFO - DH - created with p = 30000000091 and g = 40000000003--------------------------------------------------
2022-11-05 01:48:54,833 - DH.log - INFO - Generating private key - 456831, for Yohannes
2022-11-05 01:48:54,833 - DH.log - INFO - Generating public key - 5797223530, for Yohannes, with private key -1
2022-11-05 01:49:00,619 - DH.log - INFO - DH - created with p = 30000000091 and g = 40000000003--------------------------------------------------
2022-11-05 01:49:00,619 - DH.log - INFO - Generating private key - 944193, for Jens
2022-11-05 01:49:00,619 - DH.log - INFO - Generating public key - 7329196996, for Jens, with private key -1
2022-11-05 01:54:24,600 - DH.log - INFO - DH - created with p = 30000000091 and g = 40000000003--------------------------------------------------
2022-11-05 01:54:24,600 - DH.log - INFO - Generating private key - 864924, for Yohannes
2022-11-05 01:54:24,600 - DH.log - INFO - Generating public key - 5717941063, for Yohannes, with private key -1
2022-11-05 01:54:29,813 - DH.log - INFO - DH - created with p = 30000000091 and g = 40000000003--------------------------------------------------
2022-11-05 01:54:29,813 - DH.log - INFO - Generating private key - 265195, for Jens
2022-11-05 01:54:29,813 - DH.log - INFO - Generating public key - 21867827613, for Jens, with private key -1
2022-11-05 01:58:44,005 - DH.log - INFO - DH - created with p = 30000000091 and g = 40000000003--------------------------------------------------
2022-11-05 01:58:44,006 - DH.log - INFO - Generating private key - 432508, for Yohannes
2022-11-05 01:58:44,006 - DH.log - INFO - Generating public key - 18269702985, for Yohannes, with private key -1
2022-11-05 01:59:26,486 - DH.log - INFO - DH - created with p = 30000000091 and g = 40000000003--------------------------------------------------
2022-11-05 01:59:26,487 - DH.log - INFO - Generating private key - 706040, for Yohannes
2022-11-05 01:59:26,487 - DH.log - INFO - Generating public key - 15791874519, for Yohannes, with private key -1
2022-11-05 02:01:55,009 - DH.log - INFO - DH - created with p = 30000000091 and g = 40000000003--------------------------------------------------
2022-11-05 02:01:55,009 - DH.log - INFO - Generating private key - 869791, for Yohannes
2022-11-05 02:01:55,009 - DH.log - INFO - Generating public key - 11717012212, for Yohannes, with private key -1
2022-11-05 02:03:37,370 - DH.log - INFO - DH - created with p = 30000000091 and g = 40000000003--------------------------------------------------
2022-11-05 02:03:37,370 - DH.log - INFO - Generating private key - 731899, for Jens
2022-11-05 02:03:37,370 - DH.log - INFO - Generating public key - 3411940233, for Jens, with private key -1
2022-11-05 02:03:49,429 - DH.log - INFO - DH - created with p = 30000000091 and g = 40000000003--------------------------------------------------
2022-11-05 02:03:49,429 - DH.log - INFO - Generating private key - 361541, for Ola
2022-11-05 02:03:49,429 - DH.log - INFO - Generating public key - 12197242423, for Ola, with private key -1
